<?xml version="1.0" encoding="UTF-8"?>
<!-- Generated by org.testng.reporters.JUnitXMLReporter -->
<testsuite hostname="nandkumar" ignored="0" name="Test cases of rest assured" tests="17" failures="0" timestamp="2023-03-19T11:43:17 IST" time="4.053" errors="0">
  <testcase name="addUserStory" time="2.081" classname="Tests.Comment"/>
  <testcase name="postComment" time="0.086" classname="Tests.Comment"/>
  <testcase name="getComment" time="0.101" classname="Tests.Comment"/>
  <testcase name="createTask" time="0.16" classname="Tests.Task"/>
  <testcase name="updateUserStory" time="0.069" classname="Tests.Task"/>
  <testcase name="getUserStory" time="0.06" classname="Tests.Task"/>
  <testcase name="deleteUserStory" time="0.082" classname="Tests.Task"/>
  <testcase name="createStory" time="0.229" classname="Tests.UserStory"/>
  <testcase name="updateUserStory" time="0.064" classname="Tests.UserStory"/>
  <testcase name="getUserStory" time="0.027" classname="Tests.UserStory"/>
  <testcase name="deleteUserStory" time="0.048" classname="Tests.UserStory"/>
  <testcase name="loginToJira" time="0.221" classname="Tests.AddAttchament"/>
  <testcase name="addAttachment" time="0.334" classname="Tests.AddAttchament"/>
  <testcase name="createBug" time="0.121" classname="Tests.Bug"/>
  <testcase name="updateUserStory" time="0.204" classname="Tests.Bug"/>
  <testcase name="getUserStory" time="0.047" classname="Tests.Bug"/>
  <testcase name="deleteUserStory" time="0.072" classname="Tests.Bug"/>
</testsuite> <!-- Test cases of rest assured -->
