<?xml version="1.0" encoding="UTF-8"?>
<testng-results skipped="0" failed="0" ignored="0" total="0" passed="0">
  <reporter-output>
  </reporter-output>
  <suite name="Rest assured test suite" duration-ms="11" started-at="2023-03-31T15:26:58 IST" finished-at="2023-03-31T15:26:58 IST">
    <groups>
    </groups>
    <test name="Test cases of rest assured" duration-ms="11" started-at="2023-03-31T15:26:58 IST" finished-at="2023-03-31T15:26:58 IST">
    </test> <!-- Test cases of rest assured -->
  </suite> <!-- Rest assured test suite -->
</testng-results>
