<?xml version="1.0" encoding="UTF-8"?>
<testng-results skipped="0" failed="0" ignored="0" total="2" passed="2">
  <reporter-output>
  </reporter-output>
  <suite name="Regression testing on chrome browser" duration-ms="10032" started-at="2023-03-18T17:08:10 IST" finished-at="2023-03-18T17:08:20 IST">
    <groups>
    </groups>
    <test name="Interview rounds" duration-ms="10032" started-at="2023-03-18T17:08:10 IST" finished-at="2023-03-18T17:08:20 IST">
      <class name="TESTS.AddAttachment.A_CreateStory">
        <test-method status="PASS" signature="loginToJira()[pri:0, instance:TESTS.AddAttachment.A_CreateStory@464bee09]" name="loginToJira" duration-ms="3678" started-at="2023-03-18T17:08:17 IST" finished-at="2023-03-18T17:08:20 IST">
          <reporter-output>
          </reporter-output>
        </test-method> <!-- loginToJira -->
      </class> <!-- TESTS.AddAttachment.A_CreateStory -->
      <class name="TESTS.AddAttachment.AddAttchament">
        <test-method status="PASS" signature="loginToJira()[pri:0, instance:TESTS.AddAttachment.AddAttchament@343f4d3d]" name="loginToJira" duration-ms="6210" started-at="2023-03-18T17:08:11 IST" finished-at="2023-03-18T17:08:17 IST">
          <reporter-output>
          </reporter-output>
        </test-method> <!-- loginToJira -->
      </class> <!-- TESTS.AddAttachment.AddAttchament -->
    </test> <!-- Interview rounds -->
  </suite> <!-- Regression testing on chrome browser -->
</testng-results>
